D:\Eslam\App_BarberShop-main\WebUI\ClientApp\AjaxCaller.js
D:\Eslam\App_BarberShop-main\WebUI\ClientApp\AjaxCaller.js.map
D:\Eslam\App_BarberShop-main\WebUI\ClientApp\App.js
D:\Eslam\App_BarberShop-main\WebUI\ClientApp\App.js.map
D:\Eslam\App_BarberShop-main\WebUI\ClientApp\ClientGeneralTools.js
D:\Eslam\App_BarberShop-main\WebUI\ClientApp\ClientGeneralTools.js.map
D:\Eslam\App_BarberShop-main\WebUI\ClientApp\CustomEntities.js
D:\Eslam\App_BarberShop-main\WebUI\ClientApp\CustomEntities.js.map
D:\Eslam\App_BarberShop-main\WebUI\ClientApp\DataTable.js
D:\Eslam\App_BarberShop-main\WebUI\ClientApp\DataTable.js.map
D:\Eslam\App_BarberShop-main\WebUI\ClientApp\Entities.js
D:\Eslam\App_BarberShop-main\WebUI\ClientApp\Entities.js.map
D:\Eslam\App_BarberShop-main\WebUI\ClientApp\IgGrid.js
D:\Eslam\App_BarberShop-main\WebUI\ClientApp\IgGrid.js.map
D:\Eslam\App_BarberShop-main\WebUI\ClientApp\JsGrid.js
D:\Eslam\App_BarberShop-main\WebUI\ClientApp\JsGrid.js.map
D:\Eslam\App_BarberShop-main\WebUI\ClientApp\Login\Login.js
D:\Eslam\App_BarberShop-main\WebUI\ClientApp\Login\Login.js.map
D:\Eslam\App_BarberShop-main\WebUI\ClientApp\MessageBox.js
D:\Eslam\App_BarberShop-main\WebUI\ClientApp\MessageBox.js.map
D:\Eslam\App_BarberShop-main\WebUI\ClientApp\Home\Home.js
D:\Eslam\App_BarberShop-main\WebUI\ClientApp\Home\Home.js.map
D:\Eslam\App_BarberShop-main\WebUI\ClientApp\Shared.js
D:\Eslam\App_BarberShop-main\WebUI\ClientApp\Shared.js.map
D:\Eslam\App_BarberShop-main\WebUI\ClientApp\SystemTools.js
D:\Eslam\App_BarberShop-main\WebUI\ClientApp\SystemTools.js.map
